<?xml version="1.0" encoding="UTF-8"?>
<testsuite name="com.isoft.infinionweatherapp.InfinionWeatherRepositoryImplTest" tests="4" skipped="0" failures="0" errors="0" timestamp="2025-09-04T13:18:34" hostname="Abdulrasheeds-MacBook-Pro.local" time="0.72">
  <properties/>
  <testcase name="getFavoriteCity calls datastore" classname="com.isoft.infinionweatherapp.InfinionWeatherRepositoryImplTest" time="0.673"/>
  <testcase name="getWeather returns failure on API error" classname="com.isoft.infinionweatherapp.InfinionWeatherRepositoryImplTest" time="0.044"/>
  <testcase name="saveFavoriteCity calls datastore" classname="com.isoft.infinionweatherapp.InfinionWeatherRepositoryImplTest" time="0.001"/>
  <testcase name="getWeather returns success" classname="com.isoft.infinionweatherapp.InfinionWeatherRepositoryImplTest" time="0.001"/>
  <system-out><![CDATA[]]></system-out>
  <system-err><![CDATA[WARNING: A Java agent has been loaded dynamically (/Users/abdulrasheed.ilori/.gradle/caches/modules-2/files-2.1/net.bytebuddy/byte-buddy-agent/1.14.4/3bf5ac1104554908cc623e40e58a00be37c35f36/byte-buddy-agent-1.14.4.jar)
WARNING: If a serviceability tool is in use, please run with -XX:+EnableDynamicAgentLoading to hide this warning
WARNING: If a serviceability tool is not in use, please run with -Djdk.instrument.traceUsage for more information
WARNING: Dynamic loading of agents will be disallowed by default in a future release
]]></system-err>
</testsuite>
