<?xml version="1.0" encoding="UTF-8"?>
<testsuite name="com.isoft.infinionweatherapp.data.vm.WeatherViewModelTest" tests="4" skipped="0" failures="0" errors="0" timestamp="2025-09-04T13:18:34" hostname="Abdulrasheeds-MacBook-Pro.local" time="0.082">
  <properties/>
  <testcase name="favoriteCity emits saved city" classname="com.isoft.infinionweatherapp.data.vm.WeatherViewModelTest" time="0.075"/>
  <testcase name="fetchWeather failure updates uiState to Error" classname="com.isoft.infinionweatherapp.data.vm.WeatherViewModelTest" time="0.004"/>
  <testcase name="saveCity calls repository saveFavoriteCity" classname="com.isoft.infinionweatherapp.data.vm.WeatherViewModelTest" time="0.002"/>
  <testcase name="fetchWeather success updates uiState to Success" classname="com.isoft.infinionweatherapp.data.vm.WeatherViewModelTest" time="0.001"/>
  <system-out><![CDATA[]]></system-out>
  <system-err><![CDATA[]]></system-err>
</testsuite>
