<?xml version="1.0" encoding="UTF-8"?>
<testsuite name="com.isoft.infinionweatherapp.data.vm.WeatherViewModelTest" tests="4" skipped="0" failures="0" errors="0" timestamp="2025-08-29T21:11:24" hostname="Abdulrasheeds-MacBook-Pro.local" time="0.648">
  <properties/>
  <testcase name="favoriteCity emits saved city" classname="com.isoft.infinionweatherapp.data.vm.WeatherViewModelTest" time="0.637"/>
  <testcase name="fetchWeather failure updates uiState to Error" classname="com.isoft.infinionweatherapp.data.vm.WeatherViewModelTest" time="0.005"/>
  <testcase name="saveCity calls repository saveFavoriteCity" classname="com.isoft.infinionweatherapp.data.vm.WeatherViewModelTest" time="0.004"/>
  <testcase name="fetchWeather success updates uiState to Success" classname="com.isoft.infinionweatherapp.data.vm.WeatherViewModelTest" time="0.001"/>
  <system-out><![CDATA[]]></system-out>
  <system-err><![CDATA[WARNING: A Java agent has been loaded dynamically (/Users/abdulrasheed.ilori/.gradle/caches/modules-2/files-2.1/net.bytebuddy/byte-buddy-agent/1.14.4/3bf5ac1104554908cc623e40e58a00be37c35f36/byte-buddy-agent-1.14.4.jar)
WARNING: If a serviceability tool is in use, please run with -XX:+EnableDynamicAgentLoading to hide this warning
WARNING: If a serviceability tool is not in use, please run with -Djdk.instrument.traceUsage for more information
WARNING: Dynamic loading of agents will be disallowed by default in a future release
]]></system-err>
</testsuite>
